[debug] [2025-07-31T23:21:55.397Z] ----------------------------------------------------------------------
[debug] [2025-07-31T23:21:55.399Z] Command:       /home/rbgreenway/.nvm/versions/node/v20.19.4/bin/node /home/rbgreenway/.nvm/versions/node/v20.19.4/bin/firebase init
[debug] [2025-07-31T23:21:55.399Z] CLI Version:   14.11.2
[debug] [2025-07-31T23:21:55.399Z] Platform:      linux
[debug] [2025-07-31T23:21:55.399Z] Node Version:  v20.19.4
[debug] [2025-07-31T23:21:55.399Z] Time:          Thu Jul 31 2025 18:21:55 GMT-0500 (Central Daylight Time)
[debug] [2025-07-31T23:21:55.399Z] ----------------------------------------------------------------------
[debug] 
[debug] [2025-07-31T23:21:55.562Z] > command requires scopes: ["email","openid","https://www.googleapis.com/auth/cloudplatformprojects.readonly","https://www.googleapis.com/auth/firebase","https://www.googleapis.com/auth/cloud-platform"]
[debug] [2025-07-31T23:21:55.562Z] > authorizing via signed-in user (3rdgreenway@gmail.com)
[info] 
     ######## #### ########  ######## ########     ###     ######  ########
     ##        ##  ##     ## ##       ##     ##  ##   ##  ##       ##
     ######    ##  ########  ######   ########  #########  ######  ######
     ##        ##  ##    ##  ##       ##     ## ##     ##       ## ##
     ##       #### ##     ## ######## ########  ##     ##  ######  ########

You're about to initialize a Firebase project in this directory:

  /home/rbgreenway/workspace/WaveExplorer/frontend

Before we get started, keep in mind:

  * You are initializing within an existing Firebase project directory

[debug] [2025-07-31T23:22:08.437Z] ExitPromptError: User force closed the prompt with SIGINT
    at Interface.sigint (/home/rbgreenway/.nvm/versions/node/v20.19.4/lib/node_modules/firebase-tools/node_modules/@inquirer/core/dist/commonjs/lib/create-prompt.js:101:37)
    at Interface.emit (node:events:524:28)
    at Interface.emit (node:domain:489:12)
    at [_ttyWrite] [as _ttyWrite] (node:internal/readline/interface:1125:18)
    at ReadStream.onkeypress (node:internal/readline/interface:264:20)
    at ReadStream.emit (node:events:536:35)
    at ReadStream.emit (node:domain:489:12)
    at emitKeys (node:internal/readline/utils:371:14)
    at emitKeys.next (<anonymous>)
    at ReadStream.onData (node:internal/readline/emitKeypressEvents:64:36)
[error] 
[error] Error: An unexpected error has occurred.
